1750547499329:help
1750547521476:add-income
1750547528266:add-expense
1750547593971:add-expense --expenseName Mãe --amount 600 --paymentType debit --isRecurring true --recurrenDay 1
1750547609534:add-expense --expenseName Mãe --amount 600 --paymentType debit --isRecurring true --recurrenceDay 1
1750547772724:add-expense --expenseName Mãe --amount 600 --paymentType DEBIT --isRecurring true --recurrenceDay 1
1750549264434:add-expense --expenseName Vera --amount 600 --paymentType DEBIT --isRecurring true --recurrenceDay 1
1750600248740:help
1750600251947:help add-income
1750600280081:add-expense help
1750600307130:add-expense --help
1750600338786:add-expense help
1750600824332:help
1750600829747:lis-expenses
1750600835275:list-expenses
1750605128078:add-recurring-expense --expenseName Mãe --amount 600 --paymentType DEBIT --isRecurring true --recurrenceDay 1
1750605847974:add-debit-expense --expenseName Mãe --amount 600 --isRecurring true --recurrenceDay 1
1750606582436:add-debit-expense --expenseName Mãe --amount 600 --isRecurring false
1750607162424:add-debit-expense --expenseName Mãe --amount 600 --isRecurring true 2025-06-01
1750607175872:add-debit-expense --expenseName Mãe --amount 600 --isRecurring true 2025-07-01
1750607315564:add-debit-expense --expenseName Mãe --amount 600 --isRecurring false --dueDate 2025-07-01
1750607682585:add-debit-expense --expenseName Mãe --amount 600 --isRecurring true --dueDate 2025-07-01
1750611089999:add-recurring-debit-expense --expenseName Mãe --amount 600 --dueDate 2025-07-01
1750611293544:add-onetime-debit-expense --expenseName Vera --amount 600 --dueDate 2025-07-01
1750611747052:add-recurring-credit-expense --expenseName Wifi --amount 180 --paymentDate 2025-07-20 --cardName "Mercado Pago" --totalInstallments 12 --currentInstallment 2
1750612751436:add-recurring-credit-expense --expenseName Wifi --amount 180 --paymentDate 2025-07-20 --cardName "Mercado Pago" --totalInstallments 12 --currentInstallment 1
1750613268570:add-recurring-credit-expense --expenseName Wifi --amount 180 --paymentDate 2025-07-20 --cardName "Mercado Pago" --totalInstallments 12 --currentInstallment 9
1750613524091:add-recurring-credit-expense --expenseName Wifi --amount 180 --paymentDate 2025-07-20 --cardName "Mercado Pago" --totalInstallments 12 --currentInstallment 1
1750614416897:help
1750725873892:create-card "Mercardo Pago" 5800 15 22
1750726186900:create-card --cardName "Mercardo Pago" --limitAmount 5800 --closingDay 15 --paymentDay 22
1750866274464:create-card --cardName "Santander" --limitAmount 2500 --closingDay 15 --paymentDay 22
1750884144402:add-recurring-credit-expense --expenseName "Wifi" --amount 180 --paymentDate 2025-06-20 --cardName "Mercado Pago" --totalInstallments 12 --installmentNumber 4
1750884161145:add-recurring-credit-expense --expenseName "Wifi" --amount 180 --paymentDate 2025-07-20 --cardName "Mercado Pago" --totalInstallments 12 --installmentNumber 4
1750884188896:stacktrace
1750884346684:add-recurring-credit-expense --expenseName "Wifi" --amount 180 --paymentDate 2025-07-20 --cardName "Mercado Pago" --totalInstallments 12 --installmentNumber 4
1750884823110:add-onetime-credit-expense --expenseName "Mercado" --amount 49.9 --paymentDate 2025-06-25 --cardName "Mercado Pago"
1750886115699:add-recurring-credit-expense --expenseName "Wifi" --amount 180 --paymentDate 2025-07-20 --cardName "Mercado Pago" --totalInstallments 12 --installmentNumber 4
1750886132530:add-onetime-credit-expense --expenseName "Mercado" --amount 49.9 --paymentDate 2025-06-25 --cardName "Mercado Pago"
1750886360272:add-recurring-credit-expense --expenseName "Wifi" --amount 180 --paymentDate 2025-07-20 --cardName "Mercado Pago" --totalInstallments 12 --installmentNumber 4
1750946918936:create-invoices --months 12
1750947339318:create-invoices --months 12 --cardName "Mercado Pago"
1750948839803:get-card --cardName "Mercado Pago"
1750953641377:get-current-month-invoice --cardName "Mercado Pago"
1750974325512:create-invoices --months 12 --cardName "Mercado Pago"
1750974358984:clear
1750974369676:get-invoices --cardName "Mercado Pago"
1750974413563:clear
1750974445574:get-current-month-invoice --cardName "Mercado Pago"
1750974460320:clear
1750974532175:add-recurring-credit-expense --expenseName "Wi-Fi" --amount 180 --paymentDate 2025-06-20 --cardName "Mercado Pago" --totalInstallments 12 --installmentNumber 4
1750974544954:add-recurring-credit-expense --expenseName "Wi-Fi" --amount 180 --paymentDate 2025-07-20 --cardName "Mercado Pago" --totalInstallments 12 --installmentNumber 4
1750974674697:create-invoices --months 12 --cardName "Mercado Pago"
1750974692595:add-recurring-credit-expense --expenseName "Wi-Fi" --amount 180 --paymentDay 20 --cardName "Mercado Pago" --totalInstallments 12 --installmentNumber 4
1750974781850:add-onetime-credit-expense --expenseName "Mercado" --amount 49.9 --paymentDate 2025-06-26 --cardName "Mercado Pago"
1750986018463:create-invoices --months 24 --cardName "Nubank"
1750986033749:get-invoices --cardName Nubank
1751054524665:get-current-month-invoice --cardName "Mercado Pago"
1751054556552:sum-invoice-expenses --invoiceId 2
1751055542081:sum-invoice-expenses --cardName "Mercado Pago"
1751121529584:get-invoices --cardName "Mercado Pago"
1751122922291:get-current-month-debit-expenses
1751123121986:add-recurring-debit-expense --expenseName "Mãe" --amount 600 --paymentDay 1
1751123124164:get-current-month-debit-expenses
1751123483611:add-onetime-debit-expense --expenseName "Ingressos" --amount 36 paymentDate 2025-06-28
1751123488718:add-onetime-debit-expense --expenseName "Ingressos" --amount 36 --paymentDate 2025-06-28
1751123503570:get-current-month-debit-expenses
1751123533556:clear
1751123550767:get-debit-expenses
1751123630323:get-current-month-debit-expenses
1751123750248:sum-current-month-debit-expenses
1751123822225:add-onetime-debit-expense --expenseName "Ração Cachorro" --amount 140 --paymentDate 2025-06-27
1751123828781:sum-current-month-debit-expenses
1751127173545:create-invoices --months 12 --cardName "Mercado Pago"
1751127220640:get-invoice-by-date --cardName "Mercado Pago" --date 2025-06-01
1751127577346:get-invoice-by-date --cardName "Mercado Pago" --date 2025-06-15
1751127720271:get-invoice-by-date --cardName "Mercado Pago" --closingDateate 2025-10-15
1751127724246:get-invoice-by-date --cardName "Mercado Pago" --closingDate 2025-10-15
1751127804786:add-recurring-credit-expense --expenseName "Wi-Fi" --amount 180 --paymentDay 20 --cardName "Mercado Pago" --totalInstallments 12 --installmentNumber 4
1751128629147:sum-invoice-expenses-by-date --cardName "Mercado Pago" --date 2025-06-15
1751128710637:add-recurring-credit-expense --expenseName "wi-fi" --amount 180 --paymentDay 20 --cardName "Mercado Pago" --totalInstallments 12 --installmentNumber 4
1751128762173:sum-invoice-expenses-by-date --cardName "Mercado Pago" --date 2025-07-15
1751128867266:sum-invoice-expenses-by-date --cardName "Mercado Pago" --date 2025-06-15
1751128960528:sum-invoice-expenses-by-date --cardName "Mercado Pago" --date 2025-07-15
1751129085791:sum-invoice-expenses-by-date --cardName "Mercado Pago" --date 2025-06-15
1751129729873:sum-invoice-expenses-by-date --cardName "Mercado Pago" --date 2025-08-15
1751130346571:sum-invoice-expenses-by-date --cardName "Mercado Pago" --date 2025-05-15
1751130351409:sum-invoice-expenses-by-date --cardName "Mercado Pago" --date 2025-06-15
1751130473684:sum-invoice-expenses-by-date --cardName "Mercado Pago" --date 2025-07-15
1751142111460:sum-invoice-expenses-by-date --cardName "Mercado Pago" --date 2025-06-15
1751143150103:sum-invoice-expenses-by-date --cardName "Mercado Pago" --date 2025-07-15
1751144070675:add-onetime-credit-expense --expenseName "Puta" --amount 250 --paymentDate 2025-06-28 --cardName "Mercado Pago"
1751144178632:sum-invoice-expenses-by-date --cardName "Mercado Pago" --date 2025-07-15
1751144182162:sum-invoice-expenses-by-date --cardName "Mercado Pago" --date 2025-06-15
1751144663154:add-recurring-debit-expense --expenseName "mãe" --amount 600 --paymentDay 1
1751144697461:sum-debit-expenses-by-date 2025-06-01
1751144708499:add-recurring-debit-expense --expenseName "vera" --amount 600 --paymentDay 1
1751144710026:sum-debit-expenses-by-date 2025-06-01
1751144733697:sum-debit-expenses-by-date 2025-05-01
1751144736743:sum-debit-expenses-by-date 2025-07-01
1751144742438:sum-debit-expenses-by-date 2026-06-01
1751144744852:sum-debit-expenses-by-date 2026-05-01
1751144747341:sum-debit-expenses-by-date 2026-04-01
1751144749908:sum-debit-expenses-by-date 2026-03-01
1751144753180:sum-debit-expenses-by-date 2026-02-01
1751144755506:sum-debit-expenses-by-date 2026-01-01
1751144814024:sum-debit-expenses-by-date 2025-12-01
1751144816922:sum-debit-expenses-by-date 2025-11-01
1751144850176:sum-debit-expenses-by-date 2025-12-01
1751146783434:expenses-projection
1751146946027:create-invoices --months 12 --cardName "Nubank"
1751146947988:expenses-projection
1751146970178:clear
1751146971020:expenses-projection
1751147419042:clear
1751147761051:expenses-projection
1751217679014:get-debit-expenses
1751225963382:expenses-projection
1751227086501:sample-ui
1751227690933:expenses-projection
1751228659724:clear
1751228661114:expenses-projection
1751228734837:clear
1751228736683:expenses-projection
1751231317761:get-all-incomes
1751231360851:add-income --incomeName "Primeiro Salário" --amount 3200 --recurrenceDay 15
1751231375501:add-income --incomeName "Primeiro Salário" --amount 3400 --recurrenceDay 31
1751231378930:get-all-incomes
1751231428616:clear
1751231431408:expenses-projection
